<?xml version="1.0" encoding="UTF-8"?>
<coverage generated="1616310576296" clover="3.2.0">
  <project timestamp="1616310576296" name="All files">
    <metrics statements="2" coveredstatements="2" conditionals="4" coveredconditionals="4" methods="1" coveredmethods="1" elements="7" coveredelements="7" complexity="0" loc="2" ncloc="2" packages="1" files="1" classes="1"/>
    <file name="is-tauri.js" path="/home/workhub/work/hub/packages/is-tauri/lib/is-tauri.js">
      <metrics statements="2" coveredstatements="2" conditionals="4" coveredconditionals="4" methods="1" coveredmethods="1"/>
      <line num="3" count="1" type="stmt"/>
      <line num="6" count="2" type="cond" truecount="4" falsecount="0"/>
    </file>
  </project>
</coverage>
